#
# There is insufficient memory for the Java Runtime Environment to continue.
# Native memory allocation (mmap) failed to map 134217728 bytes for Failed to commit area from 0x0000000081600000 to 0x0000000089600000 of length 134217728.
# Possible reasons:
#   The system is out of physical RAM or swap space
#   The process is running with CompressedOops enabled, and the Java Heap may be blocking the growth of the native heap
# Possible solutions:
#   Reduce memory load on the system
#   Increase physical memory or swap space
#   Check if swap backing store is full
#   Decrease Java heap size (-Xmx/-Xms)
#   Decrease number of Java threads
#   Decrease Java thread stack sizes (-Xss)
#   Set larger code cache with -XX:ReservedCodeCacheSize=
#   JVM is running with Unscaled Compressed Oops mode in which the Java heap is
#     placed in the first 4GB address space. The Java Heap base address is the
#     maximum limit for the native heap growth. Please use -XX:HeapBaseMinAddress
#     to set the Java Heap base and to place the Java Heap above 4GB virtual address.
# This output file may be truncated or incomplete.
#
#  Out of Memory Error (t:/workspace/open/src/hotspot/os/windows/os_windows.cpp:3315), pid=2908, tid=13120
#
# JRE version:  (14.0+36) (build )
# Java VM: Java HotSpot(TM) 64-Bit Server VM (14+36-1461, mixed mode, sharing, tiered, compressed oops, g1 gc, windows-amd64)
# No core dump will be written. Minidumps are not enabled by default on client versions of Windows
#

---------------  S U M M A R Y ------------

Command Line: -XX:+ShowCodeDetailsInExceptionMessages -agentlib:jdwp=transport=dt_socket,suspend=y,address=localhost:55047 -javaagent:C:\Users\Shilpa\eclipse\jee-2021-06\eclipse\configuration\org.eclipse.osgi\415\0\.cp\lib\javaagent-shaded.jar -Dfile.encoding=Cp1252 recursions.Frequency

Host: Intel(R) Core(TM) i3-7020U CPU @ 2.30GHz, 4 cores, 7G,  Windows 10 , 64 bit Build 19041 (10.0.19041.1348)
Time: Thu Nov 25 16:39:45 2021 India Standard Time elapsed time: 0 seconds (0d 0h 0m 0s)

---------------  T H R E A D  ---------------

Current thread (0x00000173ffbec800):  JavaThread "Unknown thread" [_thread_in_vm, id=13120, stack(0x0000000100600000,0x0000000100700000)]

Stack: [0x0000000100600000,0x0000000100700000]
Native frames: (J=compiled Java code, j=interpreted, Vv=VM code, C=native code)
V  [jvm.dll+0x5f83ea]
V  [jvm.dll+0x741e2a]
V  [jvm.dll+0x7435df]
V  [jvm.dll+0x743c23]
V  [jvm.dll+0x20d268]
V  [jvm.dll+0x5f579a]
V  [jvm.dll+0x5ea5f5]
V  [jvm.dll+0x2c7e7c]
V  [jvm.dll+0x2c7cb2]
V  [jvm.dll+0x2cdb9c]
V  [jvm.dll+0x313fd8]
V  [jvm.dll+0x313700]
V  [jvm.dll+0x2a090a]
V  [jvm.dll+0x2a1a59]
V  [jvm.dll+0x71f6f8]
V  [jvm.dll+0x321c24]
V  [jvm.dll+0x700aec]
V  [jvm.dll+0x392ddf]
V  [jvm.dll+0x394e51]
C  [jli.dll+0x523b]
C  [ucrtbase.dll+0x21bb2]
C  [KERNEL32.DLL+0x17034]
C  [ntdll.dll+0x52651]


---------------  P R O C E S S  ---------------

Threads class SMR info:
_java_thread_list=0x00007ffcfc4d4078, length=0, elements={
}

Java Threads: ( => current thread )

Other Threads:
  0x00000173ffc2e800 GCTaskThread "GC Thread#0" [stack: 0x0000000100700000,0x0000000100800000] [id=24136]
  0x00000173ffc40800 ConcurrentGCThread "G1 Main Marker" [stack: 0x0000000100800000,0x0000000100900000] [id=24048]
  0x00000173ffc41800 ConcurrentGCThread "G1 Conc#0" [stack: 0x0000000100900000,0x0000000100a00000] [id=18136]

[error occurred during error reporting (printing all threads), id 0xc0000005, EXCEPTION_ACCESS_VIOLATION (0xc0000005) at pc=0x00007ffcfbd01237]

VM state:not at safepoint (not fully initialized)

VM Mutex/Monitor currently owned by a thread:  ([mutex/lock_event])
[0x00000173ffbe75f0] Heap_lock - owner thread: 0x00000173ffbec800

Heap address: 0x0000000081600000, size: 2026 MB, Compressed Oops mode: 32-bit
Narrow klass base: 0x0000000000000000, Narrow klass shift: 0

GC Heap History (0 events):
No events

Deoptimization events (0 events):
No events

Classes unloaded (0 events):
No events

Classes redefined (0 events):
No events

Internal exceptions (0 events):
No events

Events (2 events):
Event: 0.019 Loaded shared library C:\Program Files\Java\jdk-14\bin\java.dll
Event: 0.020 Loaded shared library C:\Program Files\Java\jdk-14\bin\zip.dll


Dynamic libraries:
0x00007ff6b94e0000 - 0x00007ff6b94ef000 	C:\Program Files\Java\jdk-14\bin\javaw.exe
0x00007ffd5b790000 - 0x00007ffd5b985000 	C:\WINDOWS\SYSTEM32\ntdll.dll
0x00007ffd59a20000 - 0x00007ffd59ade000 	C:\WINDOWS\System32\KERNEL32.DLL
0x00007ffd58f10000 - 0x00007ffd591d8000 	C:\WINDOWS\System32\KERNELBASE.dll
0x00007ffd59210000 - 0x00007ffd59310000 	C:\WINDOWS\System32\ucrtbase.dll
0x00007ffd36980000 - 0x00007ffd36995000 	C:\Program Files\Java\jdk-14\bin\VCRUNTIME140.dll
0x00007ffd36ad0000 - 0x00007ffd36ae8000 	C:\Program Files\Java\jdk-14\bin\jli.dll
0x00007ffd5b0b0000 - 0x00007ffd5b15c000 	C:\WINDOWS\System32\ADVAPI32.dll
0x00007ffd5b610000 - 0x00007ffd5b6ae000 	C:\WINDOWS\System32\msvcrt.dll
0x00007ffd5b570000 - 0x00007ffd5b60b000 	C:\WINDOWS\System32\sechost.dll
0x00007ffd5abe0000 - 0x00007ffd5ad0a000 	C:\WINDOWS\System32\RPCRT4.dll
0x00007ffd5b290000 - 0x00007ffd5b431000 	C:\WINDOWS\System32\USER32.dll
0x00007ffd597b0000 - 0x00007ffd597d2000 	C:\WINDOWS\System32\win32u.dll
0x00007ffd599f0000 - 0x00007ffd59a1b000 	C:\WINDOWS\System32\GDI32.dll
0x00007ffd59600000 - 0x00007ffd5970b000 	C:\WINDOWS\System32\gdi32full.dll
0x00007ffd3e9d0000 - 0x00007ffd3ec6a000 	C:\WINDOWS\WinSxS\amd64_microsoft.windows.common-controls_6595b64144ccf1df_6.0.19041.1110_none_60b5254171f9507e\COMCTL32.dll
0x00007ffd59710000 - 0x00007ffd597ad000 	C:\WINDOWS\System32\msvcp_win.dll
0x00007ffd4ceb0000 - 0x00007ffd4ceba000 	C:\WINDOWS\SYSTEM32\VERSION.dll
0x00007ffd5abb0000 - 0x00007ffd5abe0000 	C:\WINDOWS\System32\IMM32.DLL
0x00007ffd08470000 - 0x00007ffd0850b000 	C:\Program Files\Java\jdk-14\bin\msvcp140.dll
0x00007ffcfba50000 - 0x00007ffcfc56f000 	C:\Program Files\Java\jdk-14\bin\server\jvm.dll
0x00007ffd5b740000 - 0x00007ffd5b748000 	C:\WINDOWS\System32\PSAPI.DLL
0x00007ffd4b040000 - 0x00007ffd4b049000 	C:\WINDOWS\SYSTEM32\WSOCK32.dll
0x00007ffd47540000 - 0x00007ffd47567000 	C:\WINDOWS\SYSTEM32\WINMM.dll
0x00007ffd5b220000 - 0x00007ffd5b28b000 	C:\WINDOWS\System32\WS2_32.dll
0x00007ffd577b0000 - 0x00007ffd577c2000 	C:\WINDOWS\SYSTEM32\kernel.appcore.dll
0x00007ffd55e60000 - 0x00007ffd55e6a000 	C:\Program Files\Java\jdk-14\bin\jimage.dll
0x00007ffd57570000 - 0x00007ffd57754000 	C:\WINDOWS\SYSTEM32\DBGHELP.DLL
0x00007ffd4fb30000 - 0x00007ffd4fb5c000 	C:\WINDOWS\SYSTEM32\dbgcore.DLL
0x00007ffd594c0000 - 0x00007ffd59543000 	C:\WINDOWS\System32\bcryptPrimitives.dll
0x00007ffd36760000 - 0x00007ffd36798000 	C:\Program Files\Java\jdk-14\bin\jdwp.dll
0x00007ffd3fa10000 - 0x00007ffd3fa35000 	C:\Program Files\Java\jdk-14\bin\java.dll
0x00007ffd55ea0000 - 0x00007ffd55eae000 	C:\Program Files\Java\jdk-14\bin\instrument.dll
0x00007ffd50360000 - 0x00007ffd50377000 	C:\Program Files\Java\jdk-14\bin\zip.dll

dbghelp: loaded successfully - version: 4.0.5 - missing functions: none
symbol engine: initialized successfully - sym options: 0x614 - pdb path: .;C:\Program Files\Java\jdk-14\bin;C:\WINDOWS\SYSTEM32;C:\WINDOWS\WinSxS\amd64_microsoft.windows.common-controls_6595b64144ccf1df_6.0.19041.1110_none_60b5254171f9507e;C:\Program Files\Java\jdk-14\bin\server

VM Arguments:
jvm_args: -XX:+ShowCodeDetailsInExceptionMessages -agentlib:jdwp=transport=dt_socket,suspend=y,address=localhost:55047 -javaagent:C:\Users\Shilpa\eclipse\jee-2021-06\eclipse\configuration\org.eclipse.osgi\415\0\.cp\lib\javaagent-shaded.jar -Dfile.encoding=Cp1252 
java_command: recursions.Frequency
java_class_path (initial): C:\Users\Shilpa\eclipse-workspace\CAO\hackerRank\bin
Launcher Type: SUN_STANDARD

[Global flags]
     intx CICompilerCount                          = 3                                         {product} {ergonomic}
     uint ConcGCThreads                            = 1                                         {product} {ergonomic}
     uint G1ConcRefinementThreads                  = 4                                         {product} {ergonomic}
   size_t G1HeapRegionSize                         = 1048576                                   {product} {ergonomic}
    uintx GCDrainStackTargetSize                   = 64                                        {product} {ergonomic}
   size_t InitialHeapSize                          = 134217728                                 {product} {ergonomic}
   size_t MarkStackSize                            = 4194304                                   {product} {ergonomic}
   size_t MaxHeapSize                              = 2124414976                                {product} {ergonomic}
   size_t MinHeapDeltaBytes                        = 1048576                                   {product} {ergonomic}
   size_t MinHeapSize                              = 8388608                                   {product} {ergonomic}
    uintx NonNMethodCodeHeapSize                   = 5832780                                {pd product} {ergonomic}
    uintx NonProfiledCodeHeapSize                  = 122912730                              {pd product} {ergonomic}
    uintx ProfiledCodeHeapSize                     = 122912730                              {pd product} {ergonomic}
    uintx ReservedCodeCacheSize                    = 251658240                              {pd product} {ergonomic}
     bool SegmentedCodeCache                       = true                                      {product} {ergonomic}
     bool ShowCodeDetailsInExceptionMessages       = true                                   {manageable} {command line}
   size_t SoftMaxHeapSize                          = 2124414976                             {manageable} {ergonomic}
     bool UseCompressedClassPointers               = true                                 {lp64_product} {ergonomic}
     bool UseCompressedOops                        = true                                 {lp64_product} {ergonomic}
     bool UseG1GC                                  = true                                      {product} {ergonomic}
     bool UseLargePagesIndividualAllocation        = false                                  {pd product} {ergonomic}

Logging:
Log output configuration:
 #0: stdout all=warning uptime,level,tags
 #1: stderr all=off uptime,level,tags

Environment Variables:
JAVA_HOME=C:\Program Files\Java\jdk1.8.0_151
PATH=C:/Program Files/Java/jdk-14/bin/server;C:/Program Files/Java/jdk-14/bin;H:\oracle\dbhomeXE\bin;C:\ProgramData\Anaconda3;C:\ProgramData\Anaconda3\Library\mingw-w64\bin;C:\ProgramData\Anaconda3\Library\usr\bin;C:\ProgramData\Anaconda3\Library\bin;C:\ProgramData\Anaconda3\Scripts;C:\Program Files (x86)\Common Files\Oracle\Java\javapath;C:\ProgramData\Oracle\Java\javapath;C:\Program Files (x86)\Intel\iCLS Client\;C:\Program Files\Intel\iCLS Client\;C:\WINDOWS\system32;C:\Program Files\Java\jdk-14;C:\WINDOWS\System32\Wbem;C:\WINDOWS\System32\WindowsPowerShell\v1.0\;C:\Program Files (x86)\Intel\Intel(R) Management Engine Components\DAL;C:\Program Files\Intel\Intel(R) Management Engine Components\DAL;C:\Program Files (x86)\Intel\Intel(R) Management Engine Components\IPT;C:\Program Files\Intel\Intel(R) Management Engine Components\IPT;C:\WINDOWS\System32\OpenSSH\;C:\Program Files\MATLAB\MATLAB Production Server\R2015a\runtime\win64;C:\Program Files\MATLAB\MATLAB Production Server\R2015a\bin;C:\Program Files\MATLAB\MATLAB Production Server\R2015a\polyspace\bin;C:\Program Files\Microsoft Windows Performance Toolkit\;C:\tomcat;C:\Program Files\nodejs\;C:\WINDOWS;C:\Program Files\Git\cmd;C:\Program Files\MySQL\MySQL Shell 8.0\bin\;C:\Users\Shilpa\AppData\Local\Programs\Python\Python38\Scripts\;C:\Users\Shilpa\AppData\Local\Programs\Python\Python38\;C:\Users\Shilpa\AppData\Local\Microsoft\WindowsApps;C:\Users\Shilpa\AppData\Local\atom\bin;C:\Users\Shilpa\AppData\Roaming\npm;C:\Users\Shilpa\AppData\Local\Programs\Microsoft VS Code\bin;C:\Users\Shilpa\AppData\Local\Microsoft\WindowsApps;;C:\Users\Shilpa\Desktop;
USERNAME=Shilpa
OS=Windows_NT
PROCESSOR_IDENTIFIER=Intel64 Family 6 Model 142 Stepping 10, GenuineIntel



---------------  S Y S T E M  ---------------

OS: Windows 10 , 64 bit Build 19041 (10.0.19041.1348)
OS uptime: 6 days 22:54 hours

CPU:total 4 (initial active 4) (2 cores per cpu, 2 threads per core) family 6 model 142 stepping 10, cmov, cx8, fxsr, mmx, sse, sse2, sse3, ssse3, sse4.1, sse4.2, popcnt, avx, avx2, aes, clmul, erms, 3dnowpref, lzcnt, ht, tsc, tscinvbit, bmi1, bmi2, adx, fma

Memory: 4k page, system-wide physical 8101M (2260M free)
TotalPageFile size 13995M (AvailPageFile size 33M)
current process WorkingSet (physical memory assigned to process): 10M, peak: 10M
current process commit charge ("private bytes"): 51M, peak: 179M

vm_info: Java HotSpot(TM) 64-Bit Server VM (14+36-1461) for windows-amd64 JRE (14+36-1461), built on Feb  6 2020 19:08:04 by "mach5one" with MS VC++ 15.9 (VS2017)

END.
